<?xml version="1.0" encoding="UTF-8"?>
<!-- Generated by org.testng.reporters.JUnitReportReporter -->
<testsuite hostname="DESKTOP-GGRBDL6" failures="0" tests="1" name="com.obsqura.tests.CreateLocationTest" time="2.776" errors="0" timestamp="2023-10-17T07:04:11 IST" skipped="0">
  <testcase classname="com.obsqura.tests.CreateLocationTest" name="ManageLocationTest" time="2.776"/>
</testsuite> <!-- com.obsqura.tests.CreateLocationTest -->
