<?xml version="1.0" encoding="UTF-8"?>
<!-- Generated by org.testng.reporters.JUnitReportReporter -->
<testsuite hostname="DESKTOP-GGRBDL6" failures="0" tests="1" name="com.obsqura.tests.CreateContact" time="13.986" errors="0" timestamp="2023-10-19T08:09:33 IST" skipped="0">
  <testcase classname="com.obsqura.tests.CreateContact" name="CreateContactTest" time="13.986"/>
</testsuite> <!-- com.obsqura.tests.CreateContact -->
