<?xml version="1.0" encoding="UTF-8"?>
<!-- Generated by org.testng.reporters.JUnitReportReporter -->
<testsuite hostname="DESKTOP-GGRBDL6" failures="0" tests="1" name="com.obsqura.tests.CreateDeleteExpense" time="5.149" errors="0" timestamp="2023-10-15T20:14:54 IST" skipped="0">
  <testcase classname="com.obsqura.tests.CreateDeleteExpense" name="ManageExpenseTest" time="5.149"/>
</testsuite> <!-- com.obsqura.tests.CreateDeleteExpense -->
