<?xml version="1.0" encoding="UTF-8"?>
<!-- Generated by org.testng.reporters.JUnitReportReporter -->
<testsuite hostname="DESKTOP-GGRBDL6" failures="0" tests="1" name="com.obsqura.tests.ManageExpense" time="1.647" errors="0" timestamp="2023-10-05T07:51:04 IST" skipped="0">
  <testcase classname="com.obsqura.tests.ManageExpense" name="ManageExpenseTest" time="1.647"/>
</testsuite> <!-- com.obsqura.tests.ManageExpense -->
