<?xml version="1.0" encoding="UTF-8"?>
<!-- Generated by org.testng.reporters.JUnitReportReporter -->
<testsuite hostname="DESKTOP-GGRBDL6" failures="0" tests="1" name="com.obsqura.tests.AddDeliveryBoyTest" time="6.537" errors="0" timestamp="2023-10-16T22:34:14 IST" skipped="0">
  <testcase classname="com.obsqura.tests.AddDeliveryBoyTest" name="CreateDeliveryBoyTest" time="6.537"/>
</testsuite> <!-- com.obsqura.tests.AddDeliveryBoyTest -->
