<?xml version="1.0" encoding="UTF-8"?>
<!-- Generated by org.testng.reporters.JUnitReportReporter -->
<testsuite hostname="DESKTOP-GGRBDL6" failures="0" tests="1" name="com.obsqura.tests.CreateListCategoryTest" time="11.838" errors="0" timestamp="2023-10-18T08:06:40 IST" skipped="0">
  <testcase classname="com.obsqura.tests.CreateListCategoryTest" name="SearchProduct" time="11.838"/>
</testsuite> <!-- com.obsqura.tests.CreateListCategoryTest -->
